# JRE version: OpenJDK Runtime Environment (8.0_212-b04) (build 1.8.0_212-release-1586-b04)
# Java VM: OpenJDK 64-Bit Server VM (25.212-b04 mixed mode windows-amd64 compressed oops)
Heap:
 PSYoungGen      total 177152K, used 78006K [0x00000000e0000000, 0x00000000ef280000, 0x0000000100000000)
  eden space 158720K, 37% used [0x00000000e0000000,0x00000000e3a335d8,0x00000000e9b00000)
  from space 18432K, 99% used [0x00000000eb480000,0x00000000ec67a4b0,0x00000000ec680000)
  to   space 26112K, 0% used [0x00000000e9b00000,0x00000000e9b00000,0x00000000eb480000)
 ParOldGen       total 135168K, used 41578K [0x00000000a0000000, 0x00000000a8400000, 0x00000000e0000000)
  object space 135168K, 30% used [0x00000000a0000000,0x00000000a289abf0,0x00000000a8400000)
 Metaspace       used 71825K, capacity 74302K, committed 74624K, reserved 1114112K
  class space    used 9691K, capacity 10284K, committed 10368K, reserved 1048576K
GC Heap History (10 events):
Event: 13.626 GC heap before
{Heap before GC invocations=13 (full 2):
 PSYoungGen      total 141312K, used 141144K [0x00000000e0000000, 0x00000000e9c00000, 0x0000000100000000)
  eden space 128512K, 100% used [0x00000000e0000000,0x00000000e7d80000,0x00000000e7d80000)
  from space 12800K, 98% used [0x00000000e8f80000,0x00000000e9bd6010,0x00000000e9c00000)
  to   space 14336K, 0% used [0x00000000e8000000,0x00000000e8000000,0x00000000e8e00000)
 ParOldGen       total 92160K, used 17440K [0x00000000a0000000, 0x00000000a5a00000, 0x00000000e0000000)
  object space 92160K, 18% used [0x00000000a0000000,0x00000000a1108188,0x00000000a5a00000)
 Metaspace       used 54582K, capacity 56420K, committed 56576K, reserved 1097728K
  class space    used 7413K, capacity 7857K, committed 7936K, reserved 1048576K
Event: 13.667 GC heap after
Heap after GC invocations=13 (full 2):
 PSYoungGen      total 145408K, used 14323K [0x00000000e0000000, 0x00000000ec680000, 0x0000000100000000)
  eden space 131072K, 0% used [0x00000000e0000000,0x00000000e0000000,0x00000000e8000000)
  from space 14336K, 99% used [0x00000000e8000000,0x00000000e8dfce58,0x00000000e8e00000)
  to   space 18432K, 0% used [0x00000000eb480000,0x00000000eb480000,0x00000000ec680000)
 ParOldGen       total 92160K, used 24515K [0x00000000a0000000, 0x00000000a5a00000, 0x00000000e0000000)
  object space 92160K, 26% used [0x00000000a0000000,0x00000000a17f0f78,0x00000000a5a00000)
 Metaspace       used 54582K, capacity 56420K, committed 56576K, reserved 1097728K
  class space    used 7413K, capacity 7857K, committed 7936K, reserved 1048576K
}
Event: 14.831 GC heap before
{Heap before GC invocations=14 (full 2):
 PSYoungGen      total 145408K, used 51488K [0x00000000e0000000, 0x00000000ec680000, 0x0000000100000000)
  eden space 131072K, 28% used [0x00000000e0000000,0x00000000e244b1a8,0x00000000e8000000)
  from space 14336K, 99% used [0x00000000e8000000,0x00000000e8dfce58,0x00000000e8e00000)
  to   space 18432K, 0% used [0x00000000eb480000,0x00000000eb480000,0x00000000ec680000)
 ParOldGen       total 92160K, used 24515K [0x00000000a0000000, 0x00000000a5a00000, 0x00000000e0000000)
  object space 92160K, 26% used [0x00000000a0000000,0x00000000a17f0f78,0x00000000a5a00000)
 Metaspace       used 57229K, capacity 59020K, committed 59096K, reserved 1099776K
  class space    used 7820K, capacity 8259K, committed 8320K, reserved 1048576K
Event: 14.864 GC heap after
Heap after GC invocations=14 (full 2):
 PSYoungGen      total 184832K, used 10449K [0x00000000e0000000, 0x00000000ece00000, 0x0000000100000000)
  eden space 166400K, 0% used [0x00000000e0000000,0x00000000e0000000,0x00000000ea280000)
  from space 18432K, 56% used [0x00000000eb480000,0x00000000ebeb4408,0x00000000ec680000)
  to   space 18432K, 0% used [0x00000000ea280000,0x00000000ea280000,0x00000000eb480000)
 ParOldGen       total 92160K, used 30737K [0x00000000a0000000, 0x00000000a5a00000, 0x00000000e0000000)
  object space 92160K, 33% used [0x00000000a0000000,0x00000000a1e046d0,0x00000000a5a00000)
 Metaspace       used 57229K, capacity 59020K, committed 59096K, reserved 1099776K
  class space    used 7820K, capacity 8259K, committed 8320K, reserved 1048576K
}
Event: 14.864 GC heap before
{Heap before GC invocations=15 (full 3):
 PSYoungGen      total 184832K, used 10449K [0x00000000e0000000, 0x00000000ece00000, 0x0000000100000000)
  eden space 166400K, 0% used [0x00000000e0000000,0x00000000e0000000,0x00000000ea280000)
  from space 18432K, 56% used [0x00000000eb480000,0x00000000ebeb4408,0x00000000ec680000)
  to   space 18432K, 0% used [0x00000000ea280000,0x00000000ea280000,0x00000000eb480000)
 ParOldGen       total 92160K, used 30737K [0x00000000a0000000, 0x00000000a5a00000, 0x00000000e0000000)
  object space 92160K, 33% used [0x00000000a0000000,0x00000000a1e046d0,0x00000000a5a00000)
 Metaspace       used 57229K, capacity 59020K, committed 59096K, reserved 1099776K
  class space    used 7820K, capacity 8259K, committed 8320K, reserved 1048576K
Event: 15.173 GC heap after
Heap after GC invocations=15 (full 3):
 PSYoungGen      total 184832K, used 0K [0x00000000e0000000, 0x00000000ece00000, 0x0000000100000000)
  eden space 166400K, 0% used [0x00000000e0000000,0x00000000e0000000,0x00000000ea280000)
  from space 18432K, 0% used [0x00000000eb480000,0x00000000eb480000,0x00000000ec680000)
  to   space 18432K, 0% used [0x00000000ea280000,0x00000000ea280000,0x00000000eb480000)
 ParOldGen       total 135168K, used 31237K [0x00000000a0000000, 0x00000000a8400000, 0x00000000e0000000)
  object space 135168K, 23% used [0x00000000a0000000,0x00000000a1e815f0,0x00000000a8400000)
 Metaspace       used 57229K, capacity 59020K, committed 59096K, reserved 1099776K
  class space    used 7820K, capacity 8259K, committed 8320K, reserved 1048576K
}
Event: 22.061 GC heap before
{Heap before GC invocations=16 (full 3):
 PSYoungGen      total 184832K, used 166400K [0x00000000e0000000, 0x00000000ece00000, 0x0000000100000000)
  eden space 166400K, 100% used [0x00000000e0000000,0x00000000ea280000,0x00000000ea280000)
  from space 18432K, 0% used [0x00000000eb480000,0x00000000eb480000,0x00000000ec680000)
  to   space 18432K, 0% used [0x00000000ea280000,0x00000000ea280000,0x00000000eb480000)
 ParOldGen       total 135168K, used 31259K [0x00000000a0000000, 0x00000000a8400000, 0x00000000e0000000)
  object space 135168K, 23% used [0x00000000a0000000,0x00000000a1e86d18,0x00000000a8400000)
 Metaspace       used 64436K, capacity 66660K, committed 66816K, reserved 1107968K
  class space    used 8709K, capacity 9215K, committed 9216K, reserved 1048576K
Event: 22.087 GC heap after
Heap after GC invocations=16 (full 3):
 PSYoungGen      total 184832K, used 17879K [0x00000000e0000000, 0x00000000ece00000, 0x0000000100000000)
  eden space 166400K, 0% used [0x00000000e0000000,0x00000000e0000000,0x00000000ea280000)
  from space 18432K, 97% used [0x00000000ea280000,0x00000000eb3f5dc0,0x00000000eb480000)
  to   space 18432K, 0% used [0x00000000eb480000,0x00000000eb480000,0x00000000ec680000)
 ParOldGen       total 135168K, used 31267K [0x00000000a0000000, 0x00000000a8400000, 0x00000000e0000000)
  object space 135168K, 23% used [0x00000000a0000000,0x00000000a1e88d18,0x00000000a8400000)
 Metaspace       used 64436K, capacity 66660K, committed 66816K, reserved 1107968K
  class space    used 8709K, capacity 9215K, committed 9216K, reserved 1048576K
}
Event: 40.302 GC heap before
{Heap before GC invocations=17 (full 3):
 PSYoungGen      total 184832K, used 184279K [0x00000000e0000000, 0x00000000ece00000, 0x0000000100000000)
  eden space 166400K, 100% used [0x00000000e0000000,0x00000000ea280000,0x00000000ea280000)
  from space 18432K, 97% used [0x00000000ea280000,0x00000000eb3f5dc0,0x00000000eb480000)
  to   space 18432K, 0% used [0x00000000eb480000,0x00000000eb480000,0x00000000ec680000)
 ParOldGen       total 135168K, used 31267K [0x00000000a0000000, 0x00000000a8400000, 0x00000000e0000000)
  object space 135168K, 23% used [0x00000000a0000000,0x00000000a1e88d18,0x00000000a8400000)
 Metaspace       used 71165K, capacity 73546K, committed 73728K, reserved 1112064K
  class space    used 9619K, capacity 10162K, committed 10240K, reserved 1048576K
Event: 40.337 GC heap after
Heap after GC invocations=17 (full 3):
 PSYoungGen      total 177152K, used 18409K [0x00000000e0000000, 0x00000000ef280000, 0x0000000100000000)
  eden space 158720K, 0% used [0x00000000e0000000,0x00000000e0000000,0x00000000e9b00000)
  from space 18432K, 99% used [0x00000000eb480000,0x00000000ec67a4b0,0x00000000ec680000)
  to   space 26112K, 0% used [0x00000000e9b00000,0x00000000e9b00000,0x00000000eb480000)
 ParOldGen       total 135168K, used 41578K [0x00000000a0000000, 0x00000000a8400000, 0x00000000e0000000)
  object space 135168K, 30% used [0x00000000a0000000,0x00000000a289abf0,0x00000000a8400000)
 Metaspace       used 71165K, capacity 73546K, committed 73728K, reserved 1112064K
  class space    used 9619K, capacity 10162K, committed 10240K, reserved 1048576K
}

