# JRE version: OpenJDK Runtime Environment (8.0_212-b04) (build 1.8.0_212-release-1586-b04)
# Java VM: OpenJDK 64-Bit Server VM (25.212-b04 mixed mode windows-amd64 compressed oops)
Heap:
 PSYoungGen      total 184320K, used 78661K [0x00000000e0000000, 0x00000000edd00000, 0x0000000100000000)
  eden space 165376K, 39% used [0x00000000e0000000,0x00000000e3f70e18,0x00000000ea180000)
  from space 18944K, 72% used [0x00000000eb800000,0x00000000ec560920,0x00000000eca80000)
  to   space 23040K, 0% used [0x00000000ea180000,0x00000000ea180000,0x00000000eb800000)
 ParOldGen       total 120832K, used 48377K [0x00000000a0000000, 0x00000000a7600000, 0x00000000e0000000)
  object space 120832K, 40% used [0x00000000a0000000,0x00000000a2f3e640,0x00000000a7600000)
 Metaspace       used 73210K, capacity 75628K, committed 75904K, reserved 1116160K
  class space    used 9505K, capacity 10053K, committed 10112K, reserved 1048576K
GC Heap History (10 events):
Event: 21.945 GC heap before
{Heap before GC invocations=17 (full 3):
 PSYoungGen      total 188416K, used 187468K [0x00000000e0000000, 0x00000000ee180000, 0x0000000100000000)
  eden space 169472K, 100% used [0x00000000e0000000,0x00000000ea580000,0x00000000ea580000)
  from space 18944K, 94% used [0x00000000ea580000,0x00000000eb713278,0x00000000eb800000)
  to   space 18944K, 0% used [0x00000000eb800000,0x00000000eb800000,0x00000000eca80000)
 ParOldGen       total 120832K, used 31115K [0x00000000a0000000, 0x00000000a7600000, 0x00000000e0000000)
  object space 120832K, 25% used [0x00000000a0000000,0x00000000a1e62c00,0x00000000a7600000)
 Metaspace       used 69153K, capacity 71486K, committed 71552K, reserved 1132544K
  class space    used 9261K, capacity 9790K, committed 9856K, reserved 1048576K
Event: 21.976 GC heap after
Heap after GC invocations=17 (full 3):
 PSYoungGen      total 188416K, used 14532K [0x00000000e0000000, 0x00000000ee180000, 0x0000000100000000)
  eden space 169472K, 0% used [0x00000000e0000000,0x00000000e0000000,0x00000000ea580000)
  from space 18944K, 76% used [0x00000000eb800000,0x00000000ec6310c8,0x00000000eca80000)
  to   space 18944K, 0% used [0x00000000ea580000,0x00000000ea580000,0x00000000eb800000)
 ParOldGen       total 120832K, used 45114K [0x00000000a0000000, 0x00000000a7600000, 0x00000000e0000000)
  object space 120832K, 37% used [0x00000000a0000000,0x00000000a2c0eb48,0x00000000a7600000)
 Metaspace       used 69153K, capacity 71486K, committed 71552K, reserved 1132544K
  class space    used 9261K, capacity 9790K, committed 9856K, reserved 1048576K
}
Event: 21.976 GC heap before
{Heap before GC invocations=18 (full 4):
 PSYoungGen      total 188416K, used 14532K [0x00000000e0000000, 0x00000000ee180000, 0x0000000100000000)
  eden space 169472K, 0% used [0x00000000e0000000,0x00000000e0000000,0x00000000ea580000)
  from space 18944K, 76% used [0x00000000eb800000,0x00000000ec6310c8,0x00000000eca80000)
  to   space 18944K, 0% used [0x00000000ea580000,0x00000000ea580000,0x00000000eb800000)
 ParOldGen       total 120832K, used 45114K [0x00000000a0000000, 0x00000000a7600000, 0x00000000e0000000)
  object space 120832K, 37% used [0x00000000a0000000,0x00000000a2c0eb48,0x00000000a7600000)
 Metaspace       used 69153K, capacity 71486K, committed 71552K, reserved 1132544K
  class space    used 9261K, capacity 9790K, committed 9856K, reserved 1048576K
Event: 22.193 GC heap after
Heap after GC invocations=18 (full 4):
 PSYoungGen      total 188416K, used 0K [0x00000000e0000000, 0x00000000ee180000, 0x0000000100000000)
  eden space 169472K, 0% used [0x00000000e0000000,0x00000000e0000000,0x00000000ea580000)
  from space 18944K, 0% used [0x00000000eb800000,0x00000000eb800000,0x00000000eca80000)
  to   space 18944K, 0% used [0x00000000ea580000,0x00000000ea580000,0x00000000eb800000)
 ParOldGen       total 120832K, used 56377K [0x00000000a0000000, 0x00000000a7600000, 0x00000000e0000000)
  object space 120832K, 46% used [0x00000000a0000000,0x00000000a370e600,0x00000000a7600000)
 Metaspace       used 69153K, capacity 71486K, committed 71552K, reserved 1114112K
  class space    used 9261K, capacity 9790K, committed 9856K, reserved 1048576K
}
Event: 22.193 GC heap before
{Heap before GC invocations=19 (full 4):
 PSYoungGen      total 188416K, used 0K [0x00000000e0000000, 0x00000000ee180000, 0x0000000100000000)
  eden space 169472K, 0% used [0x00000000e0000000,0x00000000e0000000,0x00000000ea580000)
  from space 18944K, 0% used [0x00000000eb800000,0x00000000eb800000,0x00000000eca80000)
  to   space 18944K, 0% used [0x00000000ea580000,0x00000000ea580000,0x00000000eb800000)
 ParOldGen       total 120832K, used 56377K [0x00000000a0000000, 0x00000000a7600000, 0x00000000e0000000)
  object space 120832K, 46% used [0x00000000a0000000,0x00000000a370e600,0x00000000a7600000)
 Metaspace       used 69153K, capacity 71486K, committed 71552K, reserved 1118208K
  class space    used 9261K, capacity 9790K, committed 9856K, reserved 1048576K
Event: 22.196 GC heap after
Heap after GC invocations=19 (full 4):
 PSYoungGen      total 188416K, used 0K [0x00000000e0000000, 0x00000000ee180000, 0x0000000100000000)
  eden space 169472K, 0% used [0x00000000e0000000,0x00000000e0000000,0x00000000ea580000)
  from space 18944K, 0% used [0x00000000ea580000,0x00000000ea580000,0x00000000eb800000)
  to   space 18944K, 0% used [0x00000000eb800000,0x00000000eb800000,0x00000000eca80000)
 ParOldGen       total 120832K, used 56377K [0x00000000a0000000, 0x00000000a7600000, 0x00000000e0000000)
  object space 120832K, 46% used [0x00000000a0000000,0x00000000a370e600,0x00000000a7600000)
 Metaspace       used 69153K, capacity 71486K, committed 71552K, reserved 1118208K
  class space    used 9261K, capacity 9790K, committed 9856K, reserved 1048576K
}
Event: 22.196 GC heap before
{Heap before GC invocations=20 (full 5):
 PSYoungGen      total 188416K, used 0K [0x00000000e0000000, 0x00000000ee180000, 0x0000000100000000)
  eden space 169472K, 0% used [0x00000000e0000000,0x00000000e0000000,0x00000000ea580000)
  from space 18944K, 0% used [0x00000000ea580000,0x00000000ea580000,0x00000000eb800000)
  to   space 18944K, 0% used [0x00000000eb800000,0x00000000eb800000,0x00000000eca80000)
 ParOldGen       total 120832K, used 56377K [0x00000000a0000000, 0x00000000a7600000, 0x00000000e0000000)
  object space 120832K, 46% used [0x00000000a0000000,0x00000000a370e600,0x00000000a7600000)
 Metaspace       used 69153K, capacity 71486K, committed 71552K, reserved 1118208K
  class space    used 9261K, capacity 9790K, committed 9856K, reserved 1048576K
Event: 22.565 GC heap after
Heap after GC invocations=20 (full 5):
 PSYoungGen      total 188416K, used 0K [0x00000000e0000000, 0x00000000ee180000, 0x0000000100000000)
  eden space 169472K, 0% used [0x00000000e0000000,0x00000000e0000000,0x00000000ea580000)
  from space 18944K, 0% used [0x00000000ea580000,0x00000000ea580000,0x00000000eb800000)
  to   space 18944K, 0% used [0x00000000eb800000,0x00000000eb800000,0x00000000eca80000)
 ParOldGen       total 120832K, used 48369K [0x00000000a0000000, 0x00000000a7600000, 0x00000000e0000000)
  object space 120832K, 40% used [0x00000000a0000000,0x00000000a2f3c640,0x00000000a7600000)
 Metaspace       used 68674K, capacity 70668K, committed 71552K, reserved 1114112K
  class space    used 9179K, capacity 9635K, committed 9856K, reserved 1048576K
}
Event: 155.394 GC heap before
{Heap before GC invocations=21 (full 5):
 PSYoungGen      total 188416K, used 169472K [0x00000000e0000000, 0x00000000ee180000, 0x0000000100000000)
  eden space 169472K, 100% used [0x00000000e0000000,0x00000000ea580000,0x00000000ea580000)
  from space 18944K, 0% used [0x00000000ea580000,0x00000000ea580000,0x00000000eb800000)
  to   space 18944K, 0% used [0x00000000eb800000,0x00000000eb800000,0x00000000eca80000)
 ParOldGen       total 120832K, used 48369K [0x00000000a0000000, 0x00000000a7600000, 0x00000000e0000000)
  object space 120832K, 40% used [0x00000000a0000000,0x00000000a2f3c640,0x00000000a7600000)
 Metaspace       used 73035K, capacity 75414K, committed 75648K, reserved 1116160K
  class space    used 9490K, capacity 10028K, committed 10112K, reserved 1048576K
Event: 155.415 GC heap after
Heap after GC invocations=21 (full 5):
 PSYoungGen      total 184320K, used 13698K [0x00000000e0000000, 0x00000000edd00000, 0x0000000100000000)
  eden space 165376K, 0% used [0x00000000e0000000,0x00000000e0000000,0x00000000ea180000)
  from space 18944K, 72% used [0x00000000eb800000,0x00000000ec560920,0x00000000eca80000)
  to   space 23040K, 0% used [0x00000000ea180000,0x00000000ea180000,0x00000000eb800000)
 ParOldGen       total 120832K, used 48377K [0x00000000a0000000, 0x00000000a7600000, 0x00000000e0000000)
  object space 120832K, 40% used [0x00000000a0000000,0x00000000a2f3e640,0x00000000a7600000)
 Metaspace       used 73035K, capacity 75414K, committed 75648K, reserved 1116160K
  class space    used 9490K, capacity 10028K, committed 10112K, reserved 1048576K
}

