# JRE version: OpenJDK Runtime Environment (8.0_212-b04) (build 1.8.0_212-release-1586-b04)
# Java VM: OpenJDK 64-Bit Server VM (25.212-b04 mixed mode windows-amd64 compressed oops)
Heap:
 PSYoungGen      total 182784K, used 68785K [0x00000000e0000000, 0x00000000ecd00000, 0x0000000100000000)
  eden space 165376K, 41% used [0x00000000e0000000,0x00000000e432c7e8,0x00000000ea180000)
  from space 17408K, 0% used [0x00000000eb600000,0x00000000eb600000,0x00000000ec700000)
  to   space 20992K, 0% used [0x00000000ea180000,0x00000000ea180000,0x00000000eb600000)
 ParOldGen       total 161280K, used 35976K [0x00000000a0000000, 0x00000000a9d80000, 0x00000000e0000000)
  object space 161280K, 22% used [0x00000000a0000000,0x00000000a2322110,0x00000000a9d80000)
 Metaspace       used 62088K, capacity 64110K, committed 64256K, reserved 1105920K
  class space    used 8397K, capacity 8888K, committed 8960K, reserved 1048576K
GC Heap History (10 events):
Event: 5.832 GC heap before
{Heap before GC invocations=9 (full 1):
 PSYoungGen      total 139776K, used 41151K [0x00000000e0000000, 0x00000000ea280000, 0x0000000100000000)
  eden space 126976K, 23% used [0x00000000e0000000,0x00000000e1d9a348,0x00000000e7c00000)
  from space 12800K, 84% used [0x00000000e7c00000,0x00000000e8695b30,0x00000000e8880000)
  to   space 13824K, 0% used [0x00000000e9500000,0x00000000e9500000,0x00000000ea280000)
 ParOldGen       total 69120K, used 12128K [0x00000000a0000000, 0x00000000a4380000, 0x00000000e0000000)
  object space 69120K, 17% used [0x00000000a0000000,0x00000000a0bd80b8,0x00000000a4380000)
 Metaspace       used 34640K, capacity 35412K, committed 35456K, reserved 1079296K
  class space    used 4734K, capacity 4981K, committed 4992K, reserved 1048576K
Event: 5.849 GC heap after
Heap after GC invocations=9 (full 1):
 PSYoungGen      total 152576K, used 9008K [0x00000000e0000000, 0x00000000ed280000, 0x0000000100000000)
  eden space 138752K, 0% used [0x00000000e0000000,0x00000000e0000000,0x00000000e8780000)
  from space 13824K, 65% used [0x00000000e9500000,0x00000000e9dcc010,0x00000000ea280000)
  to   space 13824K, 0% used [0x00000000e8780000,0x00000000e8780000,0x00000000e9500000)
 ParOldGen       total 69120K, used 12136K [0x00000000a0000000, 0x00000000a4380000, 0x00000000e0000000)
  object space 69120K, 17% used [0x00000000a0000000,0x00000000a0bda0b8,0x00000000a4380000)
 Metaspace       used 34640K, capacity 35412K, committed 35456K, reserved 1079296K
  class space    used 4734K, capacity 4981K, committed 4992K, reserved 1048576K
}
Event: 5.849 GC heap before
{Heap before GC invocations=10 (full 2):
 PSYoungGen      total 152576K, used 9008K [0x00000000e0000000, 0x00000000ed280000, 0x0000000100000000)
  eden space 138752K, 0% used [0x00000000e0000000,0x00000000e0000000,0x00000000e8780000)
  from space 13824K, 65% used [0x00000000e9500000,0x00000000e9dcc010,0x00000000ea280000)
  to   space 13824K, 0% used [0x00000000e8780000,0x00000000e8780000,0x00000000e9500000)
 ParOldGen       total 69120K, used 12136K [0x00000000a0000000, 0x00000000a4380000, 0x00000000e0000000)
  object space 69120K, 17% used [0x00000000a0000000,0x00000000a0bda0b8,0x00000000a4380000)
 Metaspace       used 34640K, capacity 35412K, committed 35456K, reserved 1079296K
  class space    used 4734K, capacity 4981K, committed 4992K, reserved 1048576K
Event: 5.954 GC heap after
Heap after GC invocations=10 (full 2):
 PSYoungGen      total 152576K, used 0K [0x00000000e0000000, 0x00000000ed280000, 0x0000000100000000)
  eden space 138752K, 0% used [0x00000000e0000000,0x00000000e0000000,0x00000000e8780000)
  from space 13824K, 0% used [0x00000000e9500000,0x00000000e9500000,0x00000000ea280000)
  to   space 13824K, 0% used [0x00000000e8780000,0x00000000e8780000,0x00000000e9500000)
 ParOldGen       total 103936K, used 15957K [0x00000000a0000000, 0x00000000a6580000, 0x00000000e0000000)
  object space 103936K, 15% used [0x00000000a0000000,0x00000000a0f95750,0x00000000a6580000)
 Metaspace       used 34640K, capacity 35412K, committed 35456K, reserved 1079296K
  class space    used 4734K, capacity 4981K, committed 4992K, reserved 1048576K
}
Event: 8.406 GC heap before
{Heap before GC invocations=11 (full 2):
 PSYoungGen      total 152576K, used 138752K [0x00000000e0000000, 0x00000000ed280000, 0x0000000100000000)
  eden space 138752K, 100% used [0x00000000e0000000,0x00000000e8780000,0x00000000e8780000)
  from space 13824K, 0% used [0x00000000e9500000,0x00000000e9500000,0x00000000ea280000)
  to   space 13824K, 0% used [0x00000000e8780000,0x00000000e8780000,0x00000000e9500000)
 ParOldGen       total 103936K, used 15957K [0x00000000a0000000, 0x00000000a6580000, 0x00000000e0000000)
  object space 103936K, 15% used [0x00000000a0000000,0x00000000a0f95750,0x00000000a6580000)
 Metaspace       used 48639K, capacity 49840K, committed 50048K, reserved 1093632K
  class space    used 6451K, capacity 6761K, committed 6784K, reserved 1048576K
Event: 8.435 GC heap after
Heap after GC invocations=11 (full 2):
 PSYoungGen      total 152576K, used 13811K [0x00000000e0000000, 0x00000000ec700000, 0x0000000100000000)
  eden space 138752K, 0% used [0x00000000e0000000,0x00000000e0000000,0x00000000e8780000)
  from space 13824K, 99% used [0x00000000e8780000,0x00000000e94fcc68,0x00000000e9500000)
  to   space 17408K, 0% used [0x00000000eb600000,0x00000000eb600000,0x00000000ec700000)
 ParOldGen       total 103936K, used 19957K [0x00000000a0000000, 0x00000000a6580000, 0x00000000e0000000)
  object space 103936K, 19% used [0x00000000a0000000,0x00000000a137d400,0x00000000a6580000)
 Metaspace       used 48639K, capacity 49840K, committed 50048K, reserved 1093632K
  class space    used 6451K, capacity 6761K, committed 6784K, reserved 1048576K
}
Event: 10.481 GC heap before
{Heap before GC invocations=12 (full 2):
 PSYoungGen      total 152576K, used 142235K [0x00000000e0000000, 0x00000000ec700000, 0x0000000100000000)
  eden space 138752K, 92% used [0x00000000e0000000,0x00000000e7d6a300,0x00000000e8780000)
  from space 13824K, 99% used [0x00000000e8780000,0x00000000e94fcc68,0x00000000e9500000)
  to   space 17408K, 0% used [0x00000000eb600000,0x00000000eb600000,0x00000000ec700000)
 ParOldGen       total 103936K, used 19957K [0x00000000a0000000, 0x00000000a6580000, 0x00000000e0000000)
  object space 103936K, 19% used [0x00000000a0000000,0x00000000a137d400,0x00000000a6580000)
 Metaspace       used 57296K, capacity 59026K, committed 59096K, reserved 1099776K
  class space    used 7826K, capacity 8260K, committed 8320K, reserved 1048576K
Event: 10.505 GC heap after
Heap after GC invocations=12 (full 2):
 PSYoungGen      total 182784K, used 17383K [0x00000000e0000000, 0x00000000ecd00000, 0x0000000100000000)
  eden space 165376K, 0% used [0x00000000e0000000,0x00000000e0000000,0x00000000ea180000)
  from space 17408K, 99% used [0x00000000eb600000,0x00000000ec6f9de0,0x00000000ec700000)
  to   space 20992K, 0% used [0x00000000ea180000,0x00000000ea180000,0x00000000eb600000)
 ParOldGen       total 103936K, used 24099K [0x00000000a0000000, 0x00000000a6580000, 0x00000000e0000000)
  object space 103936K, 23% used [0x00000000a0000000,0x00000000a1788e88,0x00000000a6580000)
 Metaspace       used 57296K, capacity 59026K, committed 59096K, reserved 1099776K
  class space    used 7826K, capacity 8260K, committed 8320K, reserved 1048576K
}
Event: 10.505 GC heap before
{Heap before GC invocations=13 (full 3):
 PSYoungGen      total 182784K, used 17383K [0x00000000e0000000, 0x00000000ecd00000, 0x0000000100000000)
  eden space 165376K, 0% used [0x00000000e0000000,0x00000000e0000000,0x00000000ea180000)
  from space 17408K, 99% used [0x00000000eb600000,0x00000000ec6f9de0,0x00000000ec700000)
  to   space 20992K, 0% used [0x00000000ea180000,0x00000000ea180000,0x00000000eb600000)
 ParOldGen       total 103936K, used 24099K [0x00000000a0000000, 0x00000000a6580000, 0x00000000e0000000)
  object space 103936K, 23% used [0x00000000a0000000,0x00000000a1788e88,0x00000000a6580000)
 Metaspace       used 57296K, capacity 59026K, committed 59096K, reserved 1099776K
  class space    used 7826K, capacity 8260K, committed 8320K, reserved 1048576K
Event: 10.821 GC heap after
Heap after GC invocations=13 (full 3):
 PSYoungGen      total 182784K, used 0K [0x00000000e0000000, 0x00000000ecd00000, 0x0000000100000000)
  eden space 165376K, 0% used [0x00000000e0000000,0x00000000e0000000,0x00000000ea180000)
  from space 17408K, 0% used [0x00000000eb600000,0x00000000eb600000,0x00000000ec700000)
  to   space 20992K, 0% used [0x00000000ea180000,0x00000000ea180000,0x00000000eb600000)
 ParOldGen       total 161280K, used 35976K [0x00000000a0000000, 0x00000000a9d80000, 0x00000000e0000000)
  object space 161280K, 22% used [0x00000000a0000000,0x00000000a2322110,0x00000000a9d80000)
 Metaspace       used 57296K, capacity 59026K, committed 59096K, reserved 1099776K
  class space    used 7826K, capacity 8260K, committed 8320K, reserved 1048576K
}

